<?xml version="1.0" encoding="UTF-8"?>
<!-- Generated by org.testng.reporters.JUnitReportReporter -->
<testsuite hostname="DESKTOP-TRGGSFM" failures="0" tests="79" name="test_classes.shardaaaaa" time="722.829" errors="0" timestamp="2024-08-30T15:25:48 IST" skipped="0">
  <testcase classname="test_classes.shardaaaaa" name="TESTCASES1" time="4.846"/>
  <system-out/>
  <testcase classname="test_classes.shardaaaaa" name="TESTCASES2" time="3.997"/>
  <system-out/>
  <testcase classname="test_classes.shardaaaaa" name="TESTCASES3" time="3.566"/>
  <system-out/>
  <testcase classname="test_classes.shardaaaaa" name="TESTCASES4" time="3.728"/>
  <system-out/>
  <testcase classname="test_classes.shardaaaaa" name="TESTCASES5" time="4.574"/>
  <system-out/>
  <testcase classname="test_classes.shardaaaaa" name="TESTCASES6" time="3.814"/>
  <system-out/>
  <testcase classname="test_classes.shardaaaaa" name="TESTCASES7" time="4.042"/>
  <system-out/>
  <testcase classname="test_classes.shardaaaaa" name="TESTCASES8" time="3.806"/>
  <system-out/>
  <testcase classname="test_classes.shardaaaaa" name="TESTCASES9" time="4.579"/>
  <system-out/>
  <testcase classname="test_classes.shardaaaaa" name="TESTCASES10" time="4.398"/>
  <system-out/>
  <testcase classname="test_classes.shardaaaaa" name="TESTCASES11" time="4.346"/>
  <system-out/>
  <testcase classname="test_classes.shardaaaaa" name="TESTCASES12" time="8.867"/>
  <system-out/>
  <testcase classname="test_classes.shardaaaaa" name="TESTCASES13" time="8.666"/>
  <system-out/>
  <testcase classname="test_classes.shardaaaaa" name="TESTCASES14" time="8.325"/>
  <system-out/>
  <testcase classname="test_classes.shardaaaaa" name="TESTCASES15" time="8.214"/>
  <system-out/>
  <testcase classname="test_classes.shardaaaaa" name="TESTCASES16" time="9.055"/>
  <system-out/>
  <testcase classname="test_classes.shardaaaaa" name="TESTCASES17" time="8.944"/>
  <system-out/>
  <testcase classname="test_classes.shardaaaaa" name="TESTCASES18" time="8.515"/>
  <system-out/>
  <testcase classname="test_classes.shardaaaaa" name="TESTCASES19" time="8.700"/>
  <system-out/>
  <testcase classname="test_classes.shardaaaaa" name="TESTCASES20" time="8.498"/>
  <system-out/>
  <testcase classname="test_classes.shardaaaaa" name="TESTCASES21" time="9.765"/>
  <system-out/>
  <testcase classname="test_classes.shardaaaaa" name="TESTCASES22" time="8.923"/>
  <system-out/>
  <testcase classname="test_classes.shardaaaaa" name="TESTCASES23" time="3.869"/>
  <system-out/>
  <testcase classname="test_classes.shardaaaaa" name="TESTCASES24" time="3.563"/>
  <system-out/>
  <testcase classname="test_classes.shardaaaaa" name="TESTCASES25" time="4.201"/>
  <system-out/>
  <testcase classname="test_classes.shardaaaaa" name="TESTCASES27" time="3.390"/>
  <system-out/>
  <testcase classname="test_classes.shardaaaaa" name="TESTCASES28" time="7.703"/>
  <system-out/>
  <testcase classname="test_classes.shardaaaaa" name="TESTCASES29" time="10.258"/>
  <system-out/>
  <testcase classname="test_classes.shardaaaaa" name="TESTCASES30" time="4.484"/>
  <system-out/>
  <testcase classname="test_classes.shardaaaaa" name="TESTCASES31" time="11.486"/>
  <system-out/>
  <testcase classname="test_classes.shardaaaaa" name="TESTCASES32" time="13.084"/>
  <system-out/>
  <testcase classname="test_classes.shardaaaaa" name="TESTCASES33" time="5.767"/>
  <system-out/>
  <testcase classname="test_classes.shardaaaaa" name="TESTCASES34" time="5.815"/>
  <system-out/>
  <testcase classname="test_classes.shardaaaaa" name="TESTCASES35" time="5.772"/>
  <system-out/>
  <testcase classname="test_classes.shardaaaaa" name="TESTCASES36" time="5.611"/>
  <system-out/>
  <testcase classname="test_classes.shardaaaaa" name="TESTCASES37" time="8.851"/>
  <system-out/>
  <testcase classname="test_classes.shardaaaaa" name="TESTCASES38" time="8.925"/>
  <system-out/>
  <testcase classname="test_classes.shardaaaaa" name="TESTCASES39" time="9.163"/>
  <system-out/>
  <testcase classname="test_classes.shardaaaaa" name="TESTCASES40" time="9.134"/>
  <system-out/>
  <testcase classname="test_classes.shardaaaaa" name="TESTCASES41" time="8.742"/>
  <system-out/>
  <testcase classname="test_classes.shardaaaaa" name="TESTCASES42" time="8.271"/>
  <system-out/>
  <testcase classname="test_classes.shardaaaaa" name="TESTCASES43" time="8.643"/>
  <system-out/>
  <testcase classname="test_classes.shardaaaaa" name="TESTCASES44" time="8.944"/>
  <system-out/>
  <testcase classname="test_classes.shardaaaaa" name="TESTCASES45" time="9.003"/>
  <system-out/>
  <testcase classname="test_classes.shardaaaaa" name="TESTCASES46" time="8.488"/>
  <system-out/>
  <testcase classname="test_classes.shardaaaaa" name="TESTCASES47" time="8.477"/>
  <system-out/>
  <testcase classname="test_classes.shardaaaaa" name="TESTCASES48" time="12.620"/>
  <system-out/>
  <testcase classname="test_classes.shardaaaaa" name="TESTCASES49" time="12.902"/>
  <system-out/>
  <testcase classname="test_classes.shardaaaaa" name="TESTCASES50" time="13.451"/>
  <system-out/>
  <testcase classname="test_classes.shardaaaaa" name="TESTCASES51" time="12.856"/>
  <system-out/>
  <testcase classname="test_classes.shardaaaaa" name="TESTCASES52" time="13.288"/>
  <system-out/>
  <testcase classname="test_classes.shardaaaaa" name="TESTCASES53" time="12.885"/>
  <system-out/>
  <testcase classname="test_classes.shardaaaaa" name="TESTCASES54" time="13.001"/>
  <system-out/>
  <testcase classname="test_classes.shardaaaaa" name="TESTCASES55" time="13.247"/>
  <system-out/>
  <testcase classname="test_classes.shardaaaaa" name="TESTCASES56" time="13.146"/>
  <system-out/>
  <testcase classname="test_classes.shardaaaaa" name="TESTCASES57" time="12.502"/>
  <system-out/>
  <testcase classname="test_classes.shardaaaaa" name="TESTCASES58" time="13.241"/>
  <system-out/>
  <testcase classname="test_classes.shardaaaaa" name="TESTCASES59" time="8.769"/>
  <system-out/>
  <testcase classname="test_classes.shardaaaaa" name="TESTCASES60" time="9.070"/>
  <system-out/>
  <testcase classname="test_classes.shardaaaaa" name="TESTCASES61" time="9.224"/>
  <system-out/>
  <testcase classname="test_classes.shardaaaaa" name="TESTCASES62" time="8.432"/>
  <system-out/>
  <testcase classname="test_classes.shardaaaaa" name="TESTCASES63" time="8.702"/>
  <system-out/>
  <testcase classname="test_classes.shardaaaaa" name="TESTCASES64" time="8.273"/>
  <system-out/>
  <testcase classname="test_classes.shardaaaaa" name="TESTCASES65" time="8.471"/>
  <system-out/>
  <testcase classname="test_classes.shardaaaaa" name="TESTCASES66" time="9.093"/>
  <system-out/>
  <testcase classname="test_classes.shardaaaaa" name="TESTCASES67" time="8.752"/>
  <system-out/>
  <testcase classname="test_classes.shardaaaaa" name="TESTCASES68" time="9.265"/>
  <system-out/>
  <testcase classname="test_classes.shardaaaaa" name="TESTCASES69" time="9.084"/>
  <system-out/>
  <testcase classname="test_classes.shardaaaaa" name="TESTCASES70" time="13.204"/>
  <system-out/>
  <testcase classname="test_classes.shardaaaaa" name="TESTCASES71" time="14.149"/>
  <system-out/>
  <testcase classname="test_classes.shardaaaaa" name="TESTCASES72" time="19.909"/>
  <system-out/>
  <testcase classname="test_classes.shardaaaaa" name="TESTCASES73" time="13.225"/>
  <system-out/>
  <testcase classname="test_classes.shardaaaaa" name="TESTCASES74" time="13.189"/>
  <system-out/>
  <testcase classname="test_classes.shardaaaaa" name="TESTCASES75" time="15.276"/>
  <system-out/>
  <testcase classname="test_classes.shardaaaaa" name="TESTCASES76" time="13.716"/>
  <system-out/>
  <testcase classname="test_classes.shardaaaaa" name="TESTCASES77" time="13.653"/>
  <system-out/>
  <testcase classname="test_classes.shardaaaaa" name="TESTCASES78" time="13.372"/>
  <system-out/>
  <testcase classname="test_classes.shardaaaaa" name="TESTCASES79" time="13.759"/>
  <system-out/>
  <testcase classname="test_classes.shardaaaaa" name="TESTCASES80" time="15.291"/>
  <system-out/>
</testsuite> <!-- test_classes.shardaaaaa -->
