<?xml version="1.0" encoding="UTF-8"?>
<!-- Generated by org.testng.reporters.JUnitReportReporter -->
<testsuite hostname="DESKTOP-TRGGSFM" failures="0" tests="1" name="test_classes.broken_link" time="19.248" errors="0" timestamp="2024-09-27T12:29:40 IST" skipped="0">
  <testcase classname="test_classes.broken_link" name="checkBrokenLinks" time="19.248"/>
  <system-out/>
</testsuite> <!-- test_classes.broken_link -->
