<?xml version="1.0" encoding="UTF-8"?>
<!-- Generated by org.testng.reporters.JUnitReportReporter -->
<testsuite hostname="DESKTOP-TRGGSFM" failures="0" tests="10" name="test_classes.shardaaaaa" time="134.942" errors="0" timestamp="2024-08-29T18:10:08 IST" skipped="0">
  <testcase classname="test_classes.shardaaaaa" name="TESTCASES71" time="17.061"/>
  <system-out/>
  <testcase classname="test_classes.shardaaaaa" name="TESTCASES72" time="12.779"/>
  <system-out/>
  <testcase classname="test_classes.shardaaaaa" name="TESTCASES73" time="13.308"/>
  <system-out/>
  <testcase classname="test_classes.shardaaaaa" name="TESTCASES74" time="13.133"/>
  <system-out/>
  <testcase classname="test_classes.shardaaaaa" name="TESTCASES75" time="12.913"/>
  <system-out/>
  <testcase classname="test_classes.shardaaaaa" name="TESTCASES76" time="12.821"/>
  <system-out/>
  <testcase classname="test_classes.shardaaaaa" name="TESTCASES77" time="13.436"/>
  <system-out/>
  <testcase classname="test_classes.shardaaaaa" name="TESTCASES78" time="12.819"/>
  <system-out/>
  <testcase classname="test_classes.shardaaaaa" name="TESTCASES79" time="13.329"/>
  <system-out/>
  <testcase classname="test_classes.shardaaaaa" name="TESTCASES80" time="13.343"/>
  <system-out/>
</testsuite> <!-- test_classes.shardaaaaa -->
