<?xml version="1.0" encoding="UTF-8"?>
<!-- Generated by org.testng.reporters.JUnitReportReporter -->
<testsuite hostname="DESKTOP-TRGGSFM" failures="0" tests="80" name="test_classes.shardaaaaa" time="3.694" errors="1" timestamp="2024-08-30T14:17:23 IST" skipped="79">
  <testcase classname="test_classes.shardaaaaa" name="setUp" time="3.694">
    <error message="unknown error: cannot determine loading status
from unknown error: cannot determine loading status
from target frame detached
  (Session info: chrome=128.0.6613.114)
Build info: version: &#039;4.9.1&#039;, revision: &#039;eb2032df7f&#039;
System info: os.name: &#039;Windows 11&#039;, os.arch: &#039;amd64&#039;, os.version: &#039;10.0&#039;, java.version: &#039;17.0.11&#039;
Driver info: org.openqa.selenium.chrome.ChromeDriver
Command: [14db866c89626a103204630582bf9a4f, get {url=https://shardaonline.ac.in}]
Capabilities {acceptInsecureCerts: false, browserName: chrome, browserVersion: 128.0.6613.114, chrome: {chromedriverVersion: 127.0.6533.99 (f31af5097d90..., userDataDir: C:\Users\DELL\AppData\Local...}, fedcm:accounts: true, goog:chromeOptions: {debuggerAddress: localhost:53148}, networkConnectionEnabled: false, pageLoadStrategy: normal, platformName: windows, proxy: Proxy(), se:cdp: ws://localhost:53148/devtoo..., se:cdpVersion: 128.0.6613.114, setWindowRect: true, strictFileInteractability: false, timeouts: {implicit: 0, pageLoad: 300000, script: 30000}, unhandledPromptBehavior: dismiss and notify, webauthn:extension:credBlob: true, webauthn:extension:largeBlob: true, webauthn:extension:minPinLength: true, webauthn:extension:prf: true, webauthn:virtualAuthenticators: true}
Session ID: 14db866c89626a103204630582bf9a4f" type="org.openqa.selenium.WebDriverException">
      <![CDATA[org.openqa.selenium.WebDriverException: unknown error: cannot determine loading status
from unknown error: cannot determine loading status
from target frame detached
  (Session info: chrome=128.0.6613.114)
Build info: version: '4.9.1', revision: 'eb2032df7f'
System info: os.name: 'Windows 11', os.arch: 'amd64', os.version: '10.0', java.version: '17.0.11'
Driver info: org.openqa.selenium.chrome.ChromeDriver
Command: [14db866c89626a103204630582bf9a4f, get {url=https://shardaonline.ac.in}]
Capabilities {acceptInsecureCerts: false, browserName: chrome, browserVersion: 128.0.6613.114, chrome: {chromedriverVersion: 127.0.6533.99 (f31af5097d90..., userDataDir: C:\Users\DELL\AppData\Local...}, fedcm:accounts: true, goog:chromeOptions: {debuggerAddress: localhost:53148}, networkConnectionEnabled: false, pageLoadStrategy: normal, platformName: windows, proxy: Proxy(), se:cdp: ws://localhost:53148/devtoo..., se:cdpVersion: 128.0.6613.114, setWindowRect: true, strictFileInteractability: false, timeouts: {implicit: 0, pageLoad: 300000, script: 30000}, unhandledPromptBehavior: dismiss and notify, webauthn:extension:credBlob: true, webauthn:extension:largeBlob: true, webauthn:extension:minPinLength: true, webauthn:extension:prf: true, webauthn:virtualAuthenticators: true}
Session ID: 14db866c89626a103204630582bf9a4f
at java.base/jdk.internal.reflect.NativeConstructorAccessorImpl.newInstance0(Native Method)
at java.base/jdk.internal.reflect.NativeConstructorAccessorImpl.newInstance(NativeConstructorAccessorImpl.java:77)
at java.base/jdk.internal.reflect.DelegatingConstructorAccessorImpl.newInstance(DelegatingConstructorAccessorImpl.java:45)
at java.base/java.lang.reflect.Constructor.newInstanceWithCaller(Constructor.java:499)
at java.base/java.lang.reflect.Constructor.newInstance(Constructor.java:480)
at org.openqa.selenium.remote.codec.w3c.W3CHttpResponseCodec.createException(W3CHttpResponseCodec.java:200)
at org.openqa.selenium.remote.codec.w3c.W3CHttpResponseCodec.decode(W3CHttpResponseCodec.java:133)
at org.openqa.selenium.remote.codec.w3c.W3CHttpResponseCodec.decode(W3CHttpResponseCodec.java:53)
at org.openqa.selenium.remote.HttpCommandExecutor.execute(HttpCommandExecutor.java:193)
at org.openqa.selenium.remote.service.DriverCommandExecutor.invokeExecute(DriverCommandExecutor.java:183)
at org.openqa.selenium.remote.service.DriverCommandExecutor.execute(DriverCommandExecutor.java:158)
at org.openqa.selenium.remote.RemoteWebDriver.execute(RemoteWebDriver.java:543)
at org.openqa.selenium.remote.RemoteWebDriver.get(RemoteWebDriver.java:297)
at test_classes.shardaaaaa.setUp(shardaaaaa.java:30)
at java.base/jdk.internal.reflect.NativeMethodAccessorImpl.invoke0(Native Method)
at java.base/jdk.internal.reflect.NativeMethodAccessorImpl.invoke(NativeMethodAccessorImpl.java:77)
at java.base/jdk.internal.reflect.DelegatingMethodAccessorImpl.invoke(DelegatingMethodAccessorImpl.java:43)
at java.base/java.lang.reflect.Method.invoke(Method.java:568)
at org.testng.internal.MethodInvocationHelper.invokeMethod(MethodInvocationHelper.java:133)
at org.testng.internal.MethodInvocationHelper.invokeMethodConsideringTimeout(MethodInvocationHelper.java:62)
at org.testng.internal.ConfigInvoker.invokeConfigurationMethod(ConfigInvoker.java:385)
at org.testng.internal.ConfigInvoker.invokeConfigurations(ConfigInvoker.java:321)
at org.testng.internal.TestInvoker.runConfigMethods(TestInvoker.java:700)
at org.testng.internal.TestInvoker.invokeMethod(TestInvoker.java:527)
at org.testng.internal.TestInvoker.invokeTestMethod(TestInvoker.java:173)
at org.testng.internal.MethodRunner.runInSequence(MethodRunner.java:46)
at org.testng.internal.TestInvoker$MethodInvocationAgent.invoke(TestInvoker.java:824)
at org.testng.internal.TestInvoker.invokeTestMethods(TestInvoker.java:146)
at org.testng.internal.TestMethodWorker.invokeTestMethods(TestMethodWorker.java:146)
at org.testng.internal.TestMethodWorker.run(TestMethodWorker.java:128)
at java.base/java.util.ArrayList.forEach(ArrayList.java:1511)
at org.testng.TestRunner.privateRun(TestRunner.java:794)
at org.testng.TestRunner.run(TestRunner.java:596)
at org.testng.SuiteRunner.runTest(SuiteRunner.java:377)
at org.testng.SuiteRunner.runSequentially(SuiteRunner.java:371)
at org.testng.SuiteRunner.privateRun(SuiteRunner.java:332)
at org.testng.SuiteRunner.run(SuiteRunner.java:276)
at org.testng.SuiteRunnerWorker.runSuite(SuiteRunnerWorker.java:53)
at org.testng.SuiteRunnerWorker.run(SuiteRunnerWorker.java:96)
at org.testng.TestNG.runSuitesSequentially(TestNG.java:1212)
at org.testng.TestNG.runSuitesLocally(TestNG.java:1134)
at org.testng.TestNG.runSuites(TestNG.java:1063)
at org.testng.TestNG.run(TestNG.java:1031)
at org.testng.remote.AbstractRemoteTestNG.run(AbstractRemoteTestNG.java:115)
at org.testng.remote.RemoteTestNG.initAndRun(RemoteTestNG.java:293)
at org.testng.remote.RemoteTestNG.main(RemoteTestNG.java:91)
]]>
    </error>
  </testcase> <!-- setUp -->
  <system-out/>
  <testcase classname="test_classes.shardaaaaa" name="TESTCASES1" time="0.000">
    <skipped/>
  </testcase> <!-- TESTCASES1 -->
  <system-out/>
  <testcase classname="test_classes.shardaaaaa" name="TESTCASES2" time="0.000">
    <skipped/>
  </testcase> <!-- TESTCASES2 -->
  <system-out/>
  <testcase classname="test_classes.shardaaaaa" name="TESTCASES3" time="0.000">
    <skipped/>
  </testcase> <!-- TESTCASES3 -->
  <system-out/>
  <testcase classname="test_classes.shardaaaaa" name="TESTCASES4" time="0.000">
    <skipped/>
  </testcase> <!-- TESTCASES4 -->
  <system-out/>
  <testcase classname="test_classes.shardaaaaa" name="TESTCASES5" time="0.000">
    <skipped/>
  </testcase> <!-- TESTCASES5 -->
  <system-out/>
  <testcase classname="test_classes.shardaaaaa" name="TESTCASES6" time="0.000">
    <skipped/>
  </testcase> <!-- TESTCASES6 -->
  <system-out/>
  <testcase classname="test_classes.shardaaaaa" name="TESTCASES7" time="0.000">
    <skipped/>
  </testcase> <!-- TESTCASES7 -->
  <system-out/>
  <testcase classname="test_classes.shardaaaaa" name="TESTCASES8" time="0.000">
    <skipped/>
  </testcase> <!-- TESTCASES8 -->
  <system-out/>
  <testcase classname="test_classes.shardaaaaa" name="TESTCASES9" time="0.000">
    <skipped/>
  </testcase> <!-- TESTCASES9 -->
  <system-out/>
  <testcase classname="test_classes.shardaaaaa" name="TESTCASES10" time="0.000">
    <skipped/>
  </testcase> <!-- TESTCASES10 -->
  <system-out/>
  <testcase classname="test_classes.shardaaaaa" name="TESTCASES11" time="0.000">
    <skipped/>
  </testcase> <!-- TESTCASES11 -->
  <system-out/>
  <testcase classname="test_classes.shardaaaaa" name="TESTCASES12" time="0.000">
    <skipped/>
  </testcase> <!-- TESTCASES12 -->
  <system-out/>
  <testcase classname="test_classes.shardaaaaa" name="TESTCASES13" time="0.000">
    <skipped/>
  </testcase> <!-- TESTCASES13 -->
  <system-out/>
  <testcase classname="test_classes.shardaaaaa" name="TESTCASES14" time="0.000">
    <skipped/>
  </testcase> <!-- TESTCASES14 -->
  <system-out/>
  <testcase classname="test_classes.shardaaaaa" name="TESTCASES15" time="0.000">
    <skipped/>
  </testcase> <!-- TESTCASES15 -->
  <system-out/>
  <testcase classname="test_classes.shardaaaaa" name="TESTCASES16" time="0.000">
    <skipped/>
  </testcase> <!-- TESTCASES16 -->
  <system-out/>
  <testcase classname="test_classes.shardaaaaa" name="TESTCASES17" time="0.000">
    <skipped/>
  </testcase> <!-- TESTCASES17 -->
  <system-out/>
  <testcase classname="test_classes.shardaaaaa" name="TESTCASES18" time="0.000">
    <skipped/>
  </testcase> <!-- TESTCASES18 -->
  <system-out/>
  <testcase classname="test_classes.shardaaaaa" name="TESTCASES19" time="0.000">
    <skipped/>
  </testcase> <!-- TESTCASES19 -->
  <system-out/>
  <testcase classname="test_classes.shardaaaaa" name="TESTCASES20" time="0.000">
    <skipped/>
  </testcase> <!-- TESTCASES20 -->
  <system-out/>
  <testcase classname="test_classes.shardaaaaa" name="TESTCASES21" time="0.000">
    <skipped/>
  </testcase> <!-- TESTCASES21 -->
  <system-out/>
  <testcase classname="test_classes.shardaaaaa" name="TESTCASES22" time="0.000">
    <skipped/>
  </testcase> <!-- TESTCASES22 -->
  <system-out/>
  <testcase classname="test_classes.shardaaaaa" name="TESTCASES23" time="0.000">
    <skipped/>
  </testcase> <!-- TESTCASES23 -->
  <system-out/>
  <testcase classname="test_classes.shardaaaaa" name="TESTCASES24" time="0.000">
    <skipped/>
  </testcase> <!-- TESTCASES24 -->
  <system-out/>
  <testcase classname="test_classes.shardaaaaa" name="TESTCASES25" time="0.000">
    <skipped/>
  </testcase> <!-- TESTCASES25 -->
  <system-out/>
  <testcase classname="test_classes.shardaaaaa" name="TESTCASES27" time="0.000">
    <skipped/>
  </testcase> <!-- TESTCASES27 -->
  <system-out/>
  <testcase classname="test_classes.shardaaaaa" name="TESTCASES28" time="0.000">
    <skipped/>
  </testcase> <!-- TESTCASES28 -->
  <system-out/>
  <testcase classname="test_classes.shardaaaaa" name="TESTCASES29" time="0.000">
    <skipped/>
  </testcase> <!-- TESTCASES29 -->
  <system-out/>
  <testcase classname="test_classes.shardaaaaa" name="TESTCASES30" time="0.000">
    <skipped/>
  </testcase> <!-- TESTCASES30 -->
  <system-out/>
  <testcase classname="test_classes.shardaaaaa" name="TESTCASES31" time="0.000">
    <skipped/>
  </testcase> <!-- TESTCASES31 -->
  <system-out/>
  <testcase classname="test_classes.shardaaaaa" name="TESTCASES32" time="0.000">
    <skipped/>
  </testcase> <!-- TESTCASES32 -->
  <system-out/>
  <testcase classname="test_classes.shardaaaaa" name="TESTCASES33" time="0.000">
    <skipped/>
  </testcase> <!-- TESTCASES33 -->
  <system-out/>
  <testcase classname="test_classes.shardaaaaa" name="TESTCASES34" time="0.000">
    <skipped/>
  </testcase> <!-- TESTCASES34 -->
  <system-out/>
  <testcase classname="test_classes.shardaaaaa" name="TESTCASES35" time="0.000">
    <skipped/>
  </testcase> <!-- TESTCASES35 -->
  <system-out/>
  <testcase classname="test_classes.shardaaaaa" name="TESTCASES36" time="0.000">
    <skipped/>
  </testcase> <!-- TESTCASES36 -->
  <system-out/>
  <testcase classname="test_classes.shardaaaaa" name="TESTCASES37" time="0.000">
    <skipped/>
  </testcase> <!-- TESTCASES37 -->
  <system-out/>
  <testcase classname="test_classes.shardaaaaa" name="TESTCASES38" time="0.000">
    <skipped/>
  </testcase> <!-- TESTCASES38 -->
  <system-out/>
  <testcase classname="test_classes.shardaaaaa" name="TESTCASES39" time="0.000">
    <skipped/>
  </testcase> <!-- TESTCASES39 -->
  <system-out/>
  <testcase classname="test_classes.shardaaaaa" name="TESTCASES40" time="0.000">
    <skipped/>
  </testcase> <!-- TESTCASES40 -->
  <system-out/>
  <testcase classname="test_classes.shardaaaaa" name="TESTCASES41" time="0.000">
    <skipped/>
  </testcase> <!-- TESTCASES41 -->
  <system-out/>
  <testcase classname="test_classes.shardaaaaa" name="TESTCASES42" time="0.000">
    <skipped/>
  </testcase> <!-- TESTCASES42 -->
  <system-out/>
  <testcase classname="test_classes.shardaaaaa" name="TESTCASES43" time="0.000">
    <skipped/>
  </testcase> <!-- TESTCASES43 -->
  <system-out/>
  <testcase classname="test_classes.shardaaaaa" name="TESTCASES44" time="0.000">
    <skipped/>
  </testcase> <!-- TESTCASES44 -->
  <system-out/>
  <testcase classname="test_classes.shardaaaaa" name="TESTCASES45" time="0.000">
    <skipped/>
  </testcase> <!-- TESTCASES45 -->
  <system-out/>
  <testcase classname="test_classes.shardaaaaa" name="TESTCASES46" time="0.000">
    <skipped/>
  </testcase> <!-- TESTCASES46 -->
  <system-out/>
  <testcase classname="test_classes.shardaaaaa" name="TESTCASES47" time="0.000">
    <skipped/>
  </testcase> <!-- TESTCASES47 -->
  <system-out/>
  <testcase classname="test_classes.shardaaaaa" name="TESTCASES48" time="0.000">
    <skipped/>
  </testcase> <!-- TESTCASES48 -->
  <system-out/>
  <testcase classname="test_classes.shardaaaaa" name="TESTCASES49" time="0.000">
    <skipped/>
  </testcase> <!-- TESTCASES49 -->
  <system-out/>
  <testcase classname="test_classes.shardaaaaa" name="TESTCASES50" time="0.000">
    <skipped/>
  </testcase> <!-- TESTCASES50 -->
  <system-out/>
  <testcase classname="test_classes.shardaaaaa" name="TESTCASES51" time="0.000">
    <skipped/>
  </testcase> <!-- TESTCASES51 -->
  <system-out/>
  <testcase classname="test_classes.shardaaaaa" name="TESTCASES52" time="0.000">
    <skipped/>
  </testcase> <!-- TESTCASES52 -->
  <system-out/>
  <testcase classname="test_classes.shardaaaaa" name="TESTCASES53" time="0.000">
    <skipped/>
  </testcase> <!-- TESTCASES53 -->
  <system-out/>
  <testcase classname="test_classes.shardaaaaa" name="TESTCASES54" time="0.000">
    <skipped/>
  </testcase> <!-- TESTCASES54 -->
  <system-out/>
  <testcase classname="test_classes.shardaaaaa" name="TESTCASES55" time="0.000">
    <skipped/>
  </testcase> <!-- TESTCASES55 -->
  <system-out/>
  <testcase classname="test_classes.shardaaaaa" name="TESTCASES56" time="0.000">
    <skipped/>
  </testcase> <!-- TESTCASES56 -->
  <system-out/>
  <testcase classname="test_classes.shardaaaaa" name="TESTCASES57" time="0.000">
    <skipped/>
  </testcase> <!-- TESTCASES57 -->
  <system-out/>
  <testcase classname="test_classes.shardaaaaa" name="TESTCASES58" time="0.000">
    <skipped/>
  </testcase> <!-- TESTCASES58 -->
  <system-out/>
  <testcase classname="test_classes.shardaaaaa" name="TESTCASES59" time="0.000">
    <skipped/>
  </testcase> <!-- TESTCASES59 -->
  <system-out/>
  <testcase classname="test_classes.shardaaaaa" name="TESTCASES60" time="0.000">
    <skipped/>
  </testcase> <!-- TESTCASES60 -->
  <system-out/>
  <testcase classname="test_classes.shardaaaaa" name="TESTCASES61" time="0.000">
    <skipped/>
  </testcase> <!-- TESTCASES61 -->
  <system-out/>
  <testcase classname="test_classes.shardaaaaa" name="TESTCASES62" time="0.000">
    <skipped/>
  </testcase> <!-- TESTCASES62 -->
  <system-out/>
  <testcase classname="test_classes.shardaaaaa" name="TESTCASES63" time="0.000">
    <skipped/>
  </testcase> <!-- TESTCASES63 -->
  <system-out/>
  <testcase classname="test_classes.shardaaaaa" name="TESTCASES64" time="0.000">
    <skipped/>
  </testcase> <!-- TESTCASES64 -->
  <system-out/>
  <testcase classname="test_classes.shardaaaaa" name="TESTCASES65" time="0.000">
    <skipped/>
  </testcase> <!-- TESTCASES65 -->
  <system-out/>
  <testcase classname="test_classes.shardaaaaa" name="TESTCASES66" time="0.000">
    <skipped/>
  </testcase> <!-- TESTCASES66 -->
  <system-out/>
  <testcase classname="test_classes.shardaaaaa" name="TESTCASES67" time="0.000">
    <skipped/>
  </testcase> <!-- TESTCASES67 -->
  <system-out/>
  <testcase classname="test_classes.shardaaaaa" name="TESTCASES68" time="0.000">
    <skipped/>
  </testcase> <!-- TESTCASES68 -->
  <system-out/>
  <testcase classname="test_classes.shardaaaaa" name="TESTCASES69" time="0.000">
    <skipped/>
  </testcase> <!-- TESTCASES69 -->
  <system-out/>
  <testcase classname="test_classes.shardaaaaa" name="TESTCASES70" time="0.000">
    <skipped/>
  </testcase> <!-- TESTCASES70 -->
  <system-out/>
  <testcase classname="test_classes.shardaaaaa" name="TESTCASES71" time="0.000">
    <skipped/>
  </testcase> <!-- TESTCASES71 -->
  <system-out/>
  <testcase classname="test_classes.shardaaaaa" name="TESTCASES72" time="0.000">
    <skipped/>
  </testcase> <!-- TESTCASES72 -->
  <system-out/>
  <testcase classname="test_classes.shardaaaaa" name="TESTCASES73" time="0.000">
    <skipped/>
  </testcase> <!-- TESTCASES73 -->
  <system-out/>
  <testcase classname="test_classes.shardaaaaa" name="TESTCASES74" time="0.000">
    <skipped/>
  </testcase> <!-- TESTCASES74 -->
  <system-out/>
  <testcase classname="test_classes.shardaaaaa" name="TESTCASES75" time="0.000">
    <skipped/>
  </testcase> <!-- TESTCASES75 -->
  <system-out/>
  <testcase classname="test_classes.shardaaaaa" name="TESTCASES76" time="0.000">
    <skipped/>
  </testcase> <!-- TESTCASES76 -->
  <system-out/>
  <testcase classname="test_classes.shardaaaaa" name="TESTCASES77" time="0.000">
    <skipped/>
  </testcase> <!-- TESTCASES77 -->
  <system-out/>
  <testcase classname="test_classes.shardaaaaa" name="TESTCASES78" time="0.000">
    <skipped/>
  </testcase> <!-- TESTCASES78 -->
  <system-out/>
  <testcase classname="test_classes.shardaaaaa" name="TESTCASES79" time="0.000">
    <skipped/>
  </testcase> <!-- TESTCASES79 -->
  <system-out/>
  <testcase classname="test_classes.shardaaaaa" name="TESTCASES80" time="0.000">
    <skipped/>
  </testcase> <!-- TESTCASES80 -->
  <system-out/>
</testsuite> <!-- test_classes.shardaaaaa -->
