<?xml version="1.0" encoding="UTF-8"?>
<!-- Generated by org.testng.reporters.JUnitReportReporter -->
<testsuite hostname="DESKTOP-TRGGSFM" failures="0" tests="1" name="test_classes.shardaaaaa" time="7.723" errors="0" timestamp="2024-08-29T10:03:59 IST" skipped="0">
  <testcase classname="test_classes.shardaaaaa" name="TESTCASES1" time="7.723"/>
  <system-out/>
</testsuite> <!-- test_classes.shardaaaaa -->
