<?xml version="1.0" encoding="UTF-8"?>
<!-- Generated by org.testng.reporters.JUnitReportReporter -->
<testsuite hostname="DESKTOP-TRGGSFM" failures="0" tests="1" name="test_classes.broken_link" time="19.682" errors="0" timestamp="2024-09-30T11:00:30 IST" skipped="0">
  <testcase classname="test_classes.broken_link" name="checkBrokenLinks" time="19.682"/>
  <system-out/>
</testsuite> <!-- test_classes.broken_link -->
