<?xml version="1.0" encoding="UTF-8"?>
<!-- Generated by org.testng.reporters.JUnitReportReporter -->
<testsuite hostname="DESKTOP-TRGGSFM" failures="0" tests="1" name="test_classes.shardaaa2" time="8.688" errors="0" timestamp="2024-09-13T16:32:18 IST" skipped="0">
  <testcase classname="test_classes.shardaaa2" name="TESTCASES1" time="8.688"/>
  <system-out/>
</testsuite> <!-- test_classes.shardaaa2 -->
